2025-08-15 19:17:55 +0000 [MT] Initial pipeline context: <IDEDistributionProcessingPipelineContext: 0x144e87230; archive(resolved)="<IDEArchive: 0x600003b83b10>", distributionTask(resolved)="2", distributionDestination(resolved)="1", distributionMethod(resolved)="<IDEDistributionMethodDevelopmentSigned: 0x6000012e2720>", team(resolved)="<IDEProvisioningBasicTeam: 0x6000011a7aa0; teamID='6N4F2PK5R3', teamName='(null)'>">
	Chain (14, self inclusive):
	<IDEDistributionProcessingPipelineContext: 0x144e87230; archive = "<IDEArchive: 0x600003b83b10>", distributionMethod="<IDEDistributionMethodDevelopmentSigned: 0x6000012e2720>", team="<IDEProvisioningBasicTeam: 0x6000011a7aa0; teamID='6N4F2PK5R3', teamName='(null)'>">
	<IDEDistributionProcessingPipelineContext: 0x144e86fa0; archive = "<IDEArchive: 0x600003b83b10>", distributionMethod="<IDEDistributionMethodDevelopmentSigned: 0x6000012e2720>", team="<IDEProvisioningBasicTeam: 0x6000011a7aa0; teamID='6N4F2PK5R3', teamName='(null)'>">
	<IDEDistributionContext: 0x144e86d90; archive = "<IDEArchive: 0x600003b83b10>", distributionMethod="<IDEDistributionMethodDevelopmentSigned: 0x6000012e2720>", team="<IDEProvisioningBasicTeam: 0x6000011a7aa0; teamID='6N4F2PK5R3', teamName='(null)'>">
	<IDEDistributionContext: 0x14601abb0; archive = "<IDEArchive: 0x600003b83b10>", distributionMethod="<IDEDistributionMethodDevelopmentSigned: 0x6000012e2720>", team="<IDEProvisioningBasicTeam: 0x6000011a7aa0; teamID='6N4F2PK5R3', teamName='(null)'>">
	<IDEDistributionContext: 0x14601a9a0; archive = "<IDEArchive: 0x600003b83b10>", distributionMethod="<IDEDistributionMethodDevelopmentSigned: 0x6000012e2720>", team="<IDEProvisioningBasicTeam: 0x6000011a7aa0; teamID='6N4F2PK5R3', teamName='(null)'>">
	<IDEDistributionContext: 0x146019ea0; archive = "<IDEArchive: 0x600003b83b10>", distributionMethod="<IDEDistributionMethodDevelopmentSigned: 0x6000012e2720>", team="<IDEProvisioningBasicTeam: 0x6000011a7aa0; teamID='6N4F2PK5R3', teamName='(null)'>">
	<IDEDistributionContext: 0x144e5d6e0; archive = "<IDEArchive: 0x600003b83b10>", distributionMethod="<IDEDistributionMethodDevelopmentSigned: 0x6000012e2720>", team="<IDEProvisioningBasicTeam: 0x6000011a7aa0; teamID='6N4F2PK5R3', teamName='(null)'>">
	<IDEDistributionContext: 0x144e5a9e0; archive = "<IDEArchive: 0x600003b83b10>", distributionMethod="<IDEDistributionMethodDevelopmentSigned: 0x6000012e2720>", team="<IDEProvisioningBasicTeam: 0x6000011a7aa0; teamID='6N4F2PK5R3', teamName='(null)'>">
	<IDEDistributionContext: 0x1461633e0; archive = "<IDEArchive: 0x600003b83b10>", distributionMethod="<IDEDistributionMethodDevelopmentSigned: 0x6000012e2720>", team="<IDEProvisioningBasicTeam: 0x6000011a7aa0; teamID='6N4F2PK5R3', teamName='(null)'>">
	<IDEDistributionContext: 0x1461631d0; archive = "<IDEArchive: 0x600003b83b10>", distributionMethod="<IDEDistributionMethodDevelopmentSigned: 0x6000012e2720>", team="(null)">
	<IDEDistributionContext: 0x146162570; archive = "<IDEArchive: 0x600003b83b10>", distributionMethod="<IDEDistributionMethodDevelopmentSigned: 0x6000012e2720>", team="(null)">
	<IDEDistributionContext: 0x144e5a7d0; archive = "<IDEArchive: 0x600003b83b10>", distributionMethod="<IDEDistributionMethodDevelopmentSigned: 0x6000012e2720>", team="(null)">
	<IDEDistributionContext: 0x14600cc80; archive = "<IDEArchive: 0x600003b83b10>", distributionMethod="<IDEDistributionMethodDevelopmentSigned: 0x6000012e2720>", team="(null)">
	<IDEDistributionContext: 0x14600bb20; archive = "<IDEArchive: 0x600003b83b10>", distributionMethod="(null)", team="(null)">
</IDEDistributionProcessingPipelineContext: 0x144e87230>
2025-08-15 19:17:55 +0000 [MT] Processing step: IDEDistributionCreateDestRootStep
2025-08-15 19:17:55 +0000 [MT] Processing step: IDEDistributionCopyItemStep
2025-08-15 19:17:55 +0000 [MT] Running /usr/bin/ditto '-V' '/Users/gleidsonlm/Projects/ios_business_card/build/businesscard.xcarchive/Products/Applications/businesscard.app' '/var/folders/s_/p80mlck12ngbz8566htgyt8r0000gn/T/XcodeDistPipeline.~~~Yn5q2e/Root/Payload/businesscard.app'
2025-08-15 19:17:55 +0000  >>> Copying /Users/gleidsonlm/Projects/ios_business_card/build/businesscard.xcarchive/Products/Applications/businesscard.app 
2025-08-15 19:17:55 +0000  copying file ./AppIcon60x60@2x.png ... 
2025-08-15 19:17:55 +0000  13060 bytes for ./AppIcon60x60@2x.png
2025-08-15 19:17:55 +0000  copying file ./Assets.car ... 
2025-08-15 19:17:55 +0000  680256 bytes for ./Assets.car
2025-08-15 19:17:55 +0000  copying file ./AppIcon76x76@2x~ipad.png ... 
2025-08-15 19:17:55 +0000  17758 bytes for ./AppIcon76x76@2x~ipad.png
2025-08-15 19:17:55 +0000  copying file ./PrivacyInfo.xcprivacy ... 
2025-08-15 19:17:55 +0000  1635 bytes for ./PrivacyInfo.xcprivacy
2025-08-15 19:17:55 +0000  copying file ./businesscard ... 
2025-08-15 19:17:55 +0000  196512 bytes for ./businesscard
2025-08-15 19:17:55 +0000  copying file ./Info.plist ... 
2025-08-15 19:17:55 +0000  1603 bytes for ./Info.plist
2025-08-15 19:17:55 +0000  copying file ./PkgInfo ... 
2025-08-15 19:17:55 +0000  8 bytes for ./PkgInfo
2025-08-15 19:17:55 +0000 [MT] /usr/bin/ditto exited with 0
2025-08-15 19:17:55 +0000 [MT] Processing step: IDEDistributionEmbedProfileStep
2025-08-15 19:17:55 +0000 [MT] Processing step: IDEDistributionInfoPlistStep
2025-08-15 19:17:55 +0000 [MT] Skipping step: IDEDistributionInfoPlistStep because it said so
2025-08-15 19:17:55 +0000 [MT] Processing step: IDEDistributionAppThinningPlistStep
2025-08-15 19:17:55 +0000 [MT] Skipping step: IDEDistributionAppThinningPlistStep because it said so
2025-08-15 19:17:55 +0000 [MT] Processing step: IDEDistributionSymbolsStep
2025-08-15 19:17:55 +0000 [MT] Skipping step: IDEDistributionSymbolsStep because it said so
2025-08-15 19:17:55 +0000 [MT] Processing step: IDEDistributionAppThinningStep
2025-08-15 19:17:55 +0000 [MT] Skipping step: IDEDistributionAppThinningStep because it said so
2025-08-15 19:17:55 +0000 [MT] Processing step: IDEDistributionArchThinningStep
2025-08-15 19:17:55 +0000 [MT] Item /Users/gleidsonlm/Projects/ios_business_card/build/businesscard.xcarchive/Products/Applications/businesscard.app doesn't have the entitlement com.apple.developer.web-browser-engine.host enabled, returning ["arm64e"]
2025-08-15 19:17:55 +0000 [MT] Archs to thin for item /Users/gleidsonlm/Projects/ios_business_card/build/businesscard.xcarchive/Products/Applications/businesscard.app are ["arm64e"]
2025-08-15 19:17:55 +0000 [MT] Running /Applications/Xcode.app/Contents/Developer/Toolchains/XcodeDefault.xctoolchain/usr/bin/lipo '/var/folders/s_/p80mlck12ngbz8566htgyt8r0000gn/T/XcodeDistPipeline.~~~Yn5q2e/Root/Payload/businesscard.app/businesscard' '-verify_arch' 'arm64e'
2025-08-15 19:17:55 +0000 [MT] /Applications/Xcode.app/Contents/Developer/Toolchains/XcodeDefault.xctoolchain/usr/bin/lipo exited with 1
2025-08-15 19:17:55 +0000 [MT] Skipping architecture thinning for item "businesscard" because arch "arm64e" wasn't found
2025-08-15 19:17:55 +0000 [MT] Processing step: IDEDistributionODRStep
2025-08-15 19:17:55 +0000 [MT] Processing step: IDEDistributionStripXattrsStep
2025-08-15 19:17:55 +0000 [MT] Skipping stripping extended attributes because the codesign step will strip them.
2025-08-15 19:17:55 +0000 [MT] Processing step: IDEDistributionCodesignStep
2025-08-15 19:17:55 +0000 [MT] Entitlements for <IDEDistributionItem: 0x600003457540; bundleID='com.gleidsonlm.businesscard', path='<DVTFilePath:0x600003b83b80:'/Users/gleidsonlm/Projects/ios_business_card/build/businesscard.xcarchive/Products/Applications/businesscard.app'>', codeSigningInfo='<_DVTCodeSigningInformation_Path: 0x600003457480; isSigned='0', isAdHocSigned='0', signingCertificate='(null)', entitlements='(null)', teamID='(null)', identifier='(null)', executablePath='(null)', hardenedRuntime='0'>'>: {
    "application-identifier" = "6N4F2PK5R3.com.gleidsonlm.businesscard";
    "com.apple.developer.team-identifier" = 6N4F2PK5R3;
    "get-task-allow" = 1;
}
2025-08-15 19:17:55 +0000 [MT] Associated App Clip Identifiers Filter: Skipping because "com.apple.developer.associated-appclip-app-identifiers" is not present
2025-08-15 19:17:55 +0000 [MT] Entitlements for <IDEDistributionItem: 0x600003457540; bundleID='com.gleidsonlm.businesscard', path='<DVTFilePath:0x600003b83b80:'/Users/gleidsonlm/Projects/ios_business_card/build/businesscard.xcarchive/Products/Applications/businesscard.app'>', codeSigningInfo='<_DVTCodeSigningInformation_Path: 0x600003457480; isSigned='0', isAdHocSigned='0', signingCertificate='(null)', entitlements='(null)', teamID='(null)', identifier='(null)', executablePath='(null)', hardenedRuntime='0'>'> are: {
    "application-identifier" = "6N4F2PK5R3.com.gleidsonlm.businesscard";
    "com.apple.developer.team-identifier" = 6N4F2PK5R3;
    "get-task-allow" = 1;
}
2025-08-15 19:17:55 +0000 [MT] Writing entitlements for <IDEDistributionItem: 0x600003457540; bundleID='com.gleidsonlm.businesscard', path='<DVTFilePath:0x600003b83b80:'/Users/gleidsonlm/Projects/ios_business_card/build/businesscard.xcarchive/Products/Applications/businesscard.app'>', codeSigningInfo='<_DVTCodeSigningInformation_Path: 0x600003457480; isSigned='0', isAdHocSigned='0', signingCertificate='(null)', entitlements='(null)', teamID='(null)', identifier='(null)', executablePath='(null)', hardenedRuntime='0'>'> to: /var/folders/s_/p80mlck12ngbz8566htgyt8r0000gn/T/XcodeDistPipeline.~~~Yn5q2e/entitlements~~~XGXPKQ
2025-08-15 19:17:55 +0000 [MT] invoking codesign: <NSConcreteTask: 0x6000030f51d0; launchPath='/usr/bin/codesign', arguments='(
    "-f",
    "-s",
    CC36EA855D3EEAF28D28CBCCFC326136096D13BD,
    "--entitlements",
    "/var/folders/s_/p80mlck12ngbz8566htgyt8r0000gn/T/XcodeDistPipeline.~~~Yn5q2e/entitlements~~~XGXPKQ",
    "--preserve-metadata=identifier,flags,runtime",
    "--generate-entitlement-der",
    "--strip-disallowed-xattrs",
    "-vvv",
    "/var/folders/s_/p80mlck12ngbz8566htgyt8r0000gn/T/XcodeDistPipeline.~~~Yn5q2e/Root/Payload/businesscard.app"
)'>
2025-08-15 19:17:55 +0000 [MT] codesign output: /var/folders/s_/p80mlck12ngbz8566htgyt8r0000gn/T/XcodeDistPipeline.~~~Yn5q2e/Root/Payload/businesscard.app: signed app bundle with Mach-O thin (arm64) [com.gleidsonlm.businesscard]
2025-08-15 19:17:55 +0000 [MT] Processing step: IDEDistributionZipODRItemStep
2025-08-15 19:17:55 +0000 [MT] Skipping step: IDEDistributionZipODRItemStep because it said so
2025-08-15 19:17:55 +0000 [MT] Processing step: IDEDistributionCreateIPAStep
2025-08-15 19:17:55 +0000 [MT] Running /usr/bin/ditto '-V' '-c' '-k' '--norsrc' '/var/folders/s_/p80mlck12ngbz8566htgyt8r0000gn/T/XcodeDistPipeline.~~~Yn5q2e/Root' '/var/folders/s_/p80mlck12ngbz8566htgyt8r0000gn/T/XcodeDistPipeline.~~~Yn5q2e/Packages/businesscard.ipa'
2025-08-15 19:17:55 +0000  >>> Copying /var/folders/s_/p80mlck12ngbz8566htgyt8r0000gn/T/XcodeDistPipeline.~~~Yn5q2e/Root 
2025-08-15 19:17:55 +0000  copying file ./Payload/businesscard.app/_CodeSignature/CodeResources ... 
2025-08-15 19:17:55 +0000  3003 bytes for ./Payload/businesscard.app/_CodeSignature/CodeResources
2025-08-15 19:17:55 +0000  copying file ./Payload/businesscard.app/AppIcon60x60@2x.png ... 
2025-08-15 19:17:55 +0000  13060 bytes for ./Payload/businesscard.app/AppIcon60x60@2x.png
2025-08-15 19:17:55 +0000  copying file ./Payload/businesscard.app/Assets.car ... 
2025-08-15 19:17:55 +0000  680256 bytes for ./Payload/businesscard.app/Assets.car
2025-08-15 19:17:55 +0000  copying file ./Payload/businesscard.app/AppIcon76x76@2x~ipad.png ... 
2025-08-15 19:17:55 +0000  17758 bytes for ./Payload/businesscard.app/AppIcon76x76@2x~ipad.png
2025-08-15 19:17:55 +0000  copying file ./Payload/businesscard.app/PrivacyInfo.xcprivacy ... 
2025-08-15 19:17:55 +0000  1635 bytes for ./Payload/businesscard.app/PrivacyInfo.xcprivacy
2025-08-15 19:17:55 +0000  copying file ./Payload/businesscard.app/businesscard ... 
2025-08-15 19:17:55 +0000  217216 bytes for ./Payload/businesscard.app/businesscard
2025-08-15 19:17:55 +0000  copying file ./Payload/businesscard.app/embedded.mobileprovision ... 
2025-08-15 19:17:55 +0000  16560 bytes for ./Payload/businesscard.app/embedded.mobileprovision
2025-08-15 19:17:55 +0000  copying file ./Payload/businesscard.app/Info.plist ... 
2025-08-15 19:17:55 +0000  1603 bytes for ./Payload/businesscard.app/Info.plist
2025-08-15 19:17:55 +0000  copying file ./Payload/businesscard.app/PkgInfo ... 
8 bytes for ./Payload/businesscard.app/PkgInfo
2025-08-15 19:17:55 +0000 [MT] /usr/bin/ditto exited with 0
2025-08-15 19:17:55 +0000 [MT] Processing step: IDEDistributionAppStoreInformationStep
2025-08-15 19:17:55 +0000 [MT] Skipping step: IDEDistributionAppStoreInformationStep because it said so
2025-08-15 19:17:55 +0000 [MT] Processing step: IDEDistributionGenerateProcessedDistributionItems
2025-08-15 19:17:55 +0000 [MT] IDEDistributionItem init <DVTFilePath:0x600003b065a0:'/var/folders/s_/p80mlck12ngbz8566htgyt8r0000gn/T/XcodeDistPipeline.~~~Yn5q2e/Root/Payload/businesscard.app'>
2025-08-15 19:17:55 +0000 [MT] Processing step: IDEDistributionCreateManifestStep
